<?xml version="1.0" encoding="UTF-8"?>
<testng-results ignored="0" total="1" passed="1" failed="0" skipped="0">
  <reporter-output>
  </reporter-output>
  <suite started-at="2020-12-10T07:33:12 MST" name="Default suite" finished-at="2020-12-10T07:33:20 MST" duration-ms="8062">
    <groups>
    </groups>
    <test started-at="2020-12-10T07:33:12 MST" name="Default test" finished-at="2020-12-10T07:33:20 MST" duration-ms="8062">
      <class name="demopackage.NewTestNG">
        <test-method is-config="true" signature="Login()[pri:0, instance:demopackage.NewTestNG@28e8dde3]" started-at="2020-12-10T07:33:12 MST" name="Login" finished-at="2020-12-10T07:33:20 MST" duration-ms="7771" status="PASS">
          <reporter-output>
          </reporter-output>
        </test-method> <!-- Login -->
        <test-method signature="flipkart()[pri:0, instance:demopackage.NewTestNG@28e8dde3]" started-at="2020-12-10T07:33:20 MST" name="flipkart" finished-at="2020-12-10T07:33:20 MST" duration-ms="6" status="PASS">
          <reporter-output>
          </reporter-output>
        </test-method> <!-- flipkart -->
        <test-method is-config="true" signature="logout()[pri:0, instance:demopackage.NewTestNG@28e8dde3]" started-at="2020-12-10T07:33:20 MST" name="logout" finished-at="2020-12-10T07:33:20 MST" duration-ms="249" status="PASS">
          <reporter-output>
          </reporter-output>
        </test-method> <!-- logout -->
      </class> <!-- demopackage.NewTestNG -->
    </test> <!-- Default test -->
  </suite> <!-- Default suite -->
</testng-results>
