<?xml version="1.0" encoding="UTF-8"?>
<testng-results ignored="0" total="1" passed="1" failed="0" skipped="0">
  <reporter-output>
  </reporter-output>
  <suite started-at="2020-12-31T06:47:32 MST" name="Default suite" finished-at="2020-12-31T06:47:46 MST" duration-ms="13845">
    <groups>
    </groups>
    <test started-at="2020-12-31T06:47:32 MST" name="Default test" finished-at="2020-12-31T06:47:46 MST" duration-ms="13845">
      <class name="tests.expedia">
        <test-method is-config="true" signature="setUp()[pri:0, instance:tests.expedia@f8c1ddd]" started-at="2020-12-31T06:47:32 MST" name="setUp" finished-at="2020-12-31T06:47:42 MST" duration-ms="9890" status="PASS">
          <reporter-output>
          </reporter-output>
        </test-method> <!-- setUp -->
        <test-method signature="hotelReservation()[pri:0, instance:tests.expedia@f8c1ddd]" started-at="2020-12-31T06:47:42 MST" name="hotelReservation" finished-at="2020-12-31T06:47:46 MST" duration-ms="3873" status="PASS">
          <reporter-output>
          </reporter-output>
        </test-method> <!-- hotelReservation -->
        <test-method is-config="true" signature="tearDown()[pri:0, instance:tests.expedia@f8c1ddd]" started-at="2020-12-31T06:47:46 MST" name="tearDown" finished-at="2020-12-31T06:47:46 MST" duration-ms="1" status="PASS">
          <reporter-output>
          </reporter-output>
        </test-method> <!-- tearDown -->
      </class> <!-- tests.expedia -->
    </test> <!-- Default test -->
  </suite> <!-- Default suite -->
</testng-results>
