<?xml version="1.0" encoding="UTF-8"?>
<testng-results ignored="0" total="3" passed="3" failed="0" skipped="0">
  <reporter-output>
  </reporter-output>
  <suite started-at="2021-01-06T01:19:26 MST" name="Default suite" finished-at="2021-01-06T01:20:07 MST" duration-ms="41561">
    <groups>
    </groups>
    <test started-at="2021-01-06T01:19:26 MST" name="Default test" finished-at="2021-01-06T01:20:07 MST" duration-ms="41561">
      <class name="com.Test.qa.testcases.HomePageTest">
        <test-method is-config="true" signature="setUp()[pri:0, instance:com.Test.qa.testcases.HomePageTest@1329eff]" started-at="2021-01-06T01:19:26 MST" name="setUp" finished-at="2021-01-06T01:19:40 MST" duration-ms="14441" status="PASS">
          <reporter-output>
          </reporter-output>
        </test-method> <!-- setUp -->
        <test-method signature="homePageTitleTest()[pri:0, instance:com.Test.qa.testcases.HomePageTest@1329eff]" started-at="2021-01-06T01:19:40 MST" name="homePageTitleTest" finished-at="2021-01-06T01:19:40 MST" duration-ms="81" status="PASS">
          <reporter-output>
          </reporter-output>
        </test-method> <!-- homePageTitleTest -->
        <test-method is-config="true" signature="tearDown()[pri:0, instance:com.Test.qa.testcases.HomePageTest@1329eff]" started-at="2021-01-06T01:19:40 MST" name="tearDown" finished-at="2021-01-06T01:19:41 MST" duration-ms="790" status="PASS">
          <reporter-output>
          </reporter-output>
        </test-method> <!-- tearDown -->
        <test-method is-config="true" signature="setUp()[pri:0, instance:com.Test.qa.testcases.HomePageTest@1329eff]" started-at="2021-01-06T01:19:41 MST" name="setUp" finished-at="2021-01-06T01:19:47 MST" duration-ms="5947" status="PASS">
          <reporter-output>
          </reporter-output>
        </test-method> <!-- setUp -->
        <test-method signature="homePageLabelTest()[pri:1, instance:com.Test.qa.testcases.HomePageTest@1329eff]" started-at="2021-01-06T01:19:47 MST" name="homePageLabelTest" finished-at="2021-01-06T01:19:55 MST" duration-ms="8172" status="PASS">
          <reporter-output>
          </reporter-output>
        </test-method> <!-- homePageLabelTest -->
        <test-method is-config="true" signature="tearDown()[pri:0, instance:com.Test.qa.testcases.HomePageTest@1329eff]" started-at="2021-01-06T01:19:55 MST" name="tearDown" finished-at="2021-01-06T01:19:56 MST" duration-ms="766" status="PASS">
          <reporter-output>
          </reporter-output>
        </test-method> <!-- tearDown -->
        <test-method is-config="true" signature="setUp()[pri:0, instance:com.Test.qa.testcases.HomePageTest@1329eff]" started-at="2021-01-06T01:19:56 MST" name="setUp" finished-at="2021-01-06T01:20:02 MST" duration-ms="6326" status="PASS">
          <reporter-output>
          </reporter-output>
        </test-method> <!-- setUp -->
        <test-method signature="searchTest()[pri:2, instance:com.Test.qa.testcases.HomePageTest@1329eff]" started-at="2021-01-06T01:20:02 MST" name="searchTest" finished-at="2021-01-06T01:20:06 MST" duration-ms="4124" status="PASS">
          <reporter-output>
          </reporter-output>
        </test-method> <!-- searchTest -->
        <test-method is-config="true" signature="tearDown()[pri:0, instance:com.Test.qa.testcases.HomePageTest@1329eff]" started-at="2021-01-06T01:20:07 MST" name="tearDown" finished-at="2021-01-06T01:20:07 MST" duration-ms="856" status="PASS">
          <reporter-output>
          </reporter-output>
        </test-method> <!-- tearDown -->
      </class> <!-- com.Test.qa.testcases.HomePageTest -->
    </test> <!-- Default test -->
  </suite> <!-- Default suite -->
</testng-results>
