<?xml version="1.0" encoding="UTF-8"?>
<!-- Generated by org.testng.reporters.JUnitXMLReporter -->
<testsuite ignored="0" hostname="CVDVWFDEV175" failures="0" tests="3" name="Default test" time="41.561" errors="0" timestamp="2021-01-06T01:20:07 MST">
  <testcase classname="com.Test.qa.testcases.HomePageTest" name="homePageTitleTest" time="0.081"/>
  <testcase classname="com.Test.qa.testcases.HomePageTest" name="homePageLabelTest" time="8.172"/>
  <testcase classname="com.Test.qa.testcases.HomePageTest" name="searchTest" time="4.124"/>
</testsuite> <!-- Default test -->
