<?xml version="1.0" encoding="UTF-8"?>
<testng-results ignored="0" total="1" passed="1" failed="0" skipped="0">
  <reporter-output>
  </reporter-output>
  <suite started-at="2020-12-30T05:40:20 MST" name="Default suite" finished-at="2020-12-30T05:40:28 MST" duration-ms="7376">
    <groups>
    </groups>
    <test started-at="2020-12-30T05:40:20 MST" name="Default test" finished-at="2020-12-30T05:40:28 MST" duration-ms="7376">
      <class name="com.practice.MavenTest.SampleSeleniumTest">
        <test-method is-config="true" signature="beforeclass()[pri:0, instance:com.practice.MavenTest.SampleSeleniumTest@2dd80673]" started-at="2020-12-30T05:40:20 MST" name="beforeclass" finished-at="2020-12-30T05:40:26 MST" duration-ms="5830" status="PASS">
          <reporter-output>
          </reporter-output>
        </test-method> <!-- beforeclass -->
        <test-method signature="Login()[pri:0, instance:com.practice.MavenTest.SampleSeleniumTest@2dd80673]" started-at="2020-12-30T05:40:26 MST" name="Login" finished-at="2020-12-30T05:40:27 MST" duration-ms="653" status="PASS">
          <reporter-output>
          </reporter-output>
        </test-method> <!-- Login -->
        <test-method is-config="true" signature="afterclass()[pri:0, instance:com.practice.MavenTest.SampleSeleniumTest@2dd80673]" started-at="2020-12-30T05:40:27 MST" name="afterclass" finished-at="2020-12-30T05:40:28 MST" duration-ms="852" status="PASS">
          <reporter-output>
          </reporter-output>
        </test-method> <!-- afterclass -->
      </class> <!-- com.practice.MavenTest.SampleSeleniumTest -->
    </test> <!-- Default test -->
  </suite> <!-- Default suite -->
</testng-results>
